<?xml version="1.0" encoding="UTF-8"?>
<!-- Generated by org.testng.reporters.JUnitXMLReporter -->
<testsuite hostname="CEPLWRK002" ignored="0" name="Command line test" tests="6" failures="0" timestamp="2022-02-26T15:04:56 IST" time="0.037" errors="0">
  <testcase name="AndroidAppOpen" time="0.003" classname="qaclickacademy.Maven.APPIUMTest"/>
  <testcase name="iOSappOpen" time="0.0" classname="qaclickacademy.Maven.APPIUMTest"/>
  <testcase name="JiraBugdelete" time="0.0" classname="qaclickacademy.Maven.RESTAPITest"/>
  <testcase name="TweeterDelete" time="0.0" classname="qaclickacademy.Maven.RESTAPITest"/>
  <testcase name="BrowserAutomate" time="0.001" classname="qaclickacademy.Maven.SeleniumTest"/>
  <testcase name="ElementsUI" time="0.0" classname="qaclickacademy.Maven.SeleniumTest"/>
</testsuite> <!-- Command line test -->
